C:\USERS\JEFFRO\DESKTOP\THE_GAME-MASTER\THE_GAME\DEBUG\ENEMY.OBJ
C:\USERS\JEFFRO\DESKTOP\THE_GAME-MASTER\THE_GAME\DEBUG\FUNC.OBJ
C:\USERS\JEFFRO\DESKTOP\THE_GAME-MASTER\THE_GAME\DEBUG\IMAGELOADER.OBJ
C:\USERS\JEFFRO\DESKTOP\THE_GAME-MASTER\THE_GAME\DEBUG\PRZESZKODA.OBJ
C:\USERS\JEFFRO\DESKTOP\THE_GAME-MASTER\THE_GAME\DEBUG\NPC.OBJ
C:\USERS\JEFFRO\DESKTOP\THE_GAME-MASTER\THE_GAME\DEBUG\SCENA.OBJ
C:\USERS\JEFFRO\DESKTOP\THE_GAME-MASTER\THE_GAME\DEBUG\SOURCE.OBJ
C:\USERS\JEFFRO\DESKTOP\THE_GAME-MASTER\THE_GAME\DEBUG\VC110.PDB
C:\USERS\JEFFRO\DESKTOP\THE_GAME-MASTER\DEBUG\THE_GAME.ILK
C:\USERS\JEFFRO\DESKTOP\THE_GAME-MASTER\DEBUG\THE_GAME.EXE
C:\USERS\JEFFRO\DESKTOP\THE_GAME-MASTER\DEBUG\THE_GAME.PDB
C:\Users\Jeffro\Desktop\The_game-master\the_game\Debug\enemy.obj
C:\Users\Jeffro\Desktop\The_game-master\the_game\Debug\func.obj
C:\Users\Jeffro\Desktop\The_game-master\the_game\Debug\imageloader.obj
C:\Users\Jeffro\Desktop\The_game-master\the_game\Debug\NPC.obj
C:\Users\Jeffro\Desktop\The_game-master\the_game\Debug\przeszkoda.obj
C:\Users\Jeffro\Desktop\The_game-master\the_game\Debug\scena.obj
C:\Users\Jeffro\Desktop\The_game-master\the_game\Debug\Source.obj
C:\Users\Jeffro\Desktop\The_game-master\the_game\Debug\cl.command.1.tlog
C:\Users\Jeffro\Desktop\The_game-master\the_game\Debug\CL.read.1.tlog
C:\Users\Jeffro\Desktop\The_game-master\the_game\Debug\CL.write.1.tlog
C:\Users\Jeffro\Desktop\The_game-master\the_game\Debug\link-cvtres.read.1.tlog
C:\Users\Jeffro\Desktop\The_game-master\the_game\Debug\link-cvtres.write.1.tlog
C:\Users\Jeffro\Desktop\The_game-master\the_game\Debug\link-rc.read.1.tlog
C:\Users\Jeffro\Desktop\The_game-master\the_game\Debug\link-rc.write.1.tlog
C:\Users\Jeffro\Desktop\The_game-master\the_game\Debug\link.command.1.tlog
C:\Users\Jeffro\Desktop\The_game-master\the_game\Debug\link.read.1.tlog
C:\Users\Jeffro\Desktop\The_game-master\the_game\Debug\link.write.1.tlog
C:\Users\Jeffro\Desktop\The_game-master\the_game\Debug\vc110.idb
C:\Users\Jeffro\Desktop\The_game-master\the_game\Debug\vc110.pdb
C:\Users\Jeffro\Desktop\The_game-master\Debug\the_game.pdb
C:\Users\Jeffro\Desktop\The_game-master\Debug\the_game.exe
C:\Users\Jeffro\Desktop\The_game-master\Debug\the_game.ilk
