Build started 2015-06-17 13:32:29.
     1>Project "D:\Projects_VS\The_game-master\the_game\the_game.vcxproj" on node 2 (Build target(s)).
     1>ClCompile:
         C:\Program Files (x86)\Microsoft Visual Studio 12.0\VC\bin\CL.exe /c /I"C:\Program Files\Common Files\MSVC\freeglut\include" /ZI /nologo /W3 /WX- /sdl /Od /Oy- /D _MBCS /Gm /EHsc /RTC1 /MDd /GS /fp:precise /Zc:wchar_t /Zc:forScope /Fo"Debug\\" /Fd"Debug\vc120.pdb" /Gd /TP /analyze- /errorReport:prompt func.cpp
         func.cpp
     1>d:\projects_vs\the_game-master\the_game\func.cpp(48): warning C4018: '<' : signed/unsigned mismatch
     1>d:\projects_vs\the_game-master\the_game\func.cpp(78): warning C4018: '<' : signed/unsigned mismatch
     1>d:\projects_vs\the_game-master\the_game\func.cpp(142): warning C4018: '<' : signed/unsigned mismatch
     1>d:\projects_vs\the_game-master\the_game\func.cpp(381): warning C4305: 'argument' : truncation from 'double' to 'float'
     1>d:\projects_vs\the_game-master\the_game\func.cpp(382): warning C4305: 'argument' : truncation from 'double' to 'float'
     1>d:\projects_vs\the_game-master\the_game\func.cpp(384): warning C4305: 'argument' : truncation from 'double' to 'float'
     1>d:\projects_vs\the_game-master\the_game\func.cpp(385): warning C4305: 'argument' : truncation from 'double' to 'float'
     1>d:\projects_vs\the_game-master\the_game\func.cpp(387): warning C4305: 'argument' : truncation from 'double' to 'float'
     1>d:\projects_vs\the_game-master\the_game\func.cpp(388): warning C4305: 'argument' : truncation from 'double' to 'float'
     1>d:\projects_vs\the_game-master\the_game\func.cpp(390): warning C4305: 'argument' : truncation from 'double' to 'float'
     1>d:\projects_vs\the_game-master\the_game\func.cpp(402): warning C4305: 'argument' : truncation from 'double' to 'float'
     1>d:\projects_vs\the_game-master\the_game\func.cpp(403): warning C4305: 'argument' : truncation from 'double' to 'float'
     1>d:\projects_vs\the_game-master\the_game\func.cpp(404): warning C4305: 'argument' : truncation from 'double' to 'float'
     1>d:\projects_vs\the_game-master\the_game\func.cpp(405): warning C4305: 'argument' : truncation from 'double' to 'float'
     1>d:\projects_vs\the_game-master\the_game\func.cpp(409): warning C4305: 'argument' : truncation from 'double' to 'float'
     1>d:\projects_vs\the_game-master\the_game\func.cpp(411): warning C4305: 'argument' : truncation from 'double' to 'float'
       Link:
         C:\Program Files (x86)\Microsoft Visual Studio 12.0\VC\bin\link.exe /ERRORREPORT:PROMPT /OUT:"D:\Projects_VS\The_game-master\Debug\the_game.exe" /INCREMENTAL /NOLOGO /LIBPATH:"C:\Program Files\Common Files\MSVC\freeglut\lib" winmm.lib kernel32.lib user32.lib gdi32.lib winspool.lib comdlg32.lib advapi32.lib shell32.lib ole32.lib oleaut32.lib uuid.lib odbc32.lib odbccp32.lib /MANIFEST /MANIFESTUAC:"level='asInvoker' uiAccess='false'" /manifest:embed /DEBUG /PDB:"D:\Projects_VS\The_game-master\Debug\the_game.pdb" /TLBID:1 /DYNAMICBASE /NXCOMPAT /IMPLIB:"D:\Projects_VS\The_game-master\Debug\the_game.lib" /MACHINE:X86 Debug\enemy.obj
         Debug\func.obj
         Debug\imageloader.obj
         Debug\przeszkoda.obj
         Debug\NPC.obj
         Debug\scena.obj
         Debug\Source.obj
         the_game.vcxproj -> D:\Projects_VS\The_game-master\Debug\the_game.exe
     1>Done Building Project "D:\Projects_VS\The_game-master\the_game\the_game.vcxproj" (Build target(s)).

Build succeeded.

Time Elapsed 00:00:00.60
